<?xml version="1.0" encoding="UTF-8"?>
<testng-results ignored="0" total="8" passed="8" failed="0" skipped="0">
  <reporter-output>
  </reporter-output>
  <suite started-at="2024-11-24T22:31:11 IST" name="Default suite" finished-at="2024-11-24T22:32:53 IST" duration-ms="102078">
    <groups>
    </groups>
    <test started-at="2024-11-24T22:31:11 IST" name="Default test" finished-at="2024-11-24T22:32:53 IST" duration-ms="102078">
      <class name="FitPeo_Assignment.test_Assignment">
        <test-method is-config="true" signature="setUp()[pri:0, instance:FitPeo_Assignment.test_Assignment@1a75e76a]" started-at="2024-11-24T22:31:11 IST" name="setUp" finished-at="2024-11-24T22:31:13 IST" duration-ms="1574" status="PASS">
          <reporter-output>
          </reporter-output>
        </test-method> <!-- setUp -->
        <test-method signature="fitProHomePgae()[pri:1, instance:FitPeo_Assignment.test_Assignment@1a75e76a]" started-at="2024-11-24T22:31:13 IST" name="fitProHomePgae" description="Step 1" finished-at="2024-11-24T22:31:20 IST" duration-ms="7720" status="PASS">
          <reporter-output>
          </reporter-output>
        </test-method> <!-- fitProHomePgae -->
        <test-method signature="revenueCalculatorPage()[pri:2, instance:FitPeo_Assignment.test_Assignment@1a75e76a]" started-at="2024-11-24T22:31:20 IST" name="revenueCalculatorPage" description="Step 2" finished-at="2024-11-24T22:31:23 IST" duration-ms="2107" status="PASS">
          <reporter-output>
          </reporter-output>
        </test-method> <!-- revenueCalculatorPage -->
        <test-method signature="scroll_till_silderVisible()[pri:3, instance:FitPeo_Assignment.test_Assignment@1a75e76a]" started-at="2024-11-24T22:31:23 IST" name="scroll_till_silderVisible" description="Step 3" finished-at="2024-11-24T22:31:28 IST" duration-ms="5038" status="PASS">
          <reporter-output>
          </reporter-output>
        </test-method> <!-- scroll_till_silderVisible -->
        <test-method signature="textFeild_slider()[pri:4, instance:FitPeo_Assignment.test_Assignment@1a75e76a]" started-at="2024-11-24T22:31:28 IST" name="textFeild_slider" description="Step 4" finished-at="2024-11-24T22:31:33 IST" duration-ms="5405" status="PASS">
          <reporter-output>
          </reporter-output>
        </test-method> <!-- textFeild_slider -->
        <test-method signature="validate_sliderValue()[pri:5, instance:FitPeo_Assignment.test_Assignment@1a75e76a]" started-at="2024-11-24T22:31:33 IST" name="validate_sliderValue" description="Step 5" finished-at="2024-11-24T22:31:33 IST" duration-ms="32" status="PASS">
          <reporter-output>
          </reporter-output>
        </test-method> <!-- validate_sliderValue -->
        <test-method signature="Adjust_slider()[pri:6, instance:FitPeo_Assignment.test_Assignment@1a75e76a]" started-at="2024-11-24T22:31:33 IST" name="Adjust_slider" description="Step 6" finished-at="2024-11-24T22:32:19 IST" duration-ms="45670" status="PASS">
          <reporter-output>
          </reporter-output>
        </test-method> <!-- Adjust_slider -->
        <test-method signature="cpt_codes()[pri:7, instance:FitPeo_Assignment.test_Assignment@1a75e76a]" started-at="2024-11-24T22:32:19 IST" name="cpt_codes" description="Step 7" finished-at="2024-11-24T22:32:48 IST" duration-ms="29198" status="PASS">
          <reporter-output>
          </reporter-output>
        </test-method> <!-- cpt_codes -->
        <test-method signature="RcurringAmount()[pri:8, instance:FitPeo_Assignment.test_Assignment@1a75e76a]" started-at="2024-11-24T22:32:48 IST" name="RcurringAmount" description="Step 8" finished-at="2024-11-24T22:32:53 IST" duration-ms="5024" status="PASS">
          <reporter-output>
          </reporter-output>
        </test-method> <!-- RcurringAmount -->
        <test-method is-config="true" signature="quitpage()[pri:0, instance:FitPeo_Assignment.test_Assignment@1a75e76a]" started-at="2024-11-24T22:32:53 IST" name="quitpage" finished-at="2024-11-24T22:32:53 IST" duration-ms="283" status="PASS">
          <reporter-output>
          </reporter-output>
        </test-method> <!-- quitpage -->
      </class> <!-- FitPeo_Assignment.test_Assignment -->
    </test> <!-- Default test -->
  </suite> <!-- Default suite -->
</testng-results>
