<?xml version="1.0" encoding="UTF-8"?>
<!-- Generated by org.testng.reporters.JUnitXMLReporter -->
<testsuite ignored="0" hostname="MADHU" failures="0" tests="8" name="Default test" time="102.078" errors="0" timestamp="2024-11-24T22:32:53 IST">
  <testcase classname="FitPeo_Assignment.test_Assignment" name="fitProHomePgae" time="7.72"/>
  <testcase classname="FitPeo_Assignment.test_Assignment" name="revenueCalculatorPage" time="2.107"/>
  <testcase classname="FitPeo_Assignment.test_Assignment" name="scroll_till_silderVisible" time="5.038"/>
  <testcase classname="FitPeo_Assignment.test_Assignment" name="textFeild_slider" time="5.405"/>
  <testcase classname="FitPeo_Assignment.test_Assignment" name="validate_sliderValue" time="0.032"/>
  <testcase classname="FitPeo_Assignment.test_Assignment" name="Adjust_slider" time="45.67"/>
  <testcase classname="FitPeo_Assignment.test_Assignment" name="cpt_codes" time="29.198"/>
  <testcase classname="FitPeo_Assignment.test_Assignment" name="RcurringAmount" time="5.024"/>
</testsuite> <!-- Default test -->
