<?xml version="1.0" encoding="UTF-8"?>
<!-- Generated by org.testng.reporters.JUnitReportReporter -->
<testsuite hostname="MADHU" failures="0" tests="8" name="FitPeo_Assignment.test_Assignment" time="100.194" errors="0" timestamp="2024-11-24T22:32:53 IST" skipped="0">
  <testcase classname="FitPeo_Assignment.test_Assignment" name="fitProHomePgae" time="7.720"/>
  <testcase classname="FitPeo_Assignment.test_Assignment" name="revenueCalculatorPage" time="2.107"/>
  <testcase classname="FitPeo_Assignment.test_Assignment" name="scroll_till_silderVisible" time="5.038"/>
  <testcase classname="FitPeo_Assignment.test_Assignment" name="textFeild_slider" time="5.405"/>
  <testcase classname="FitPeo_Assignment.test_Assignment" name="validate_sliderValue" time="0.032"/>
  <testcase classname="FitPeo_Assignment.test_Assignment" name="Adjust_slider" time="45.670"/>
  <testcase classname="FitPeo_Assignment.test_Assignment" name="cpt_codes" time="29.198"/>
  <testcase classname="FitPeo_Assignment.test_Assignment" name="RcurringAmount" time="5.024"/>
</testsuite> <!-- FitPeo_Assignment.test_Assignment -->
